<?xml version="1.0" encoding="UTF-8"?>
<testsuite xmlns:xsi="http://www.w3.org/2001/XMLSchema-instance" xsi:noNamespaceSchemaLocation="https://maven.apache.org/surefire/maven-surefire-plugin/xsd/surefire-test-report-3.0.xsd" version="3.0" name="com.tp.bibliotheque.MemberTest" time="0.011" tests="4" errors="0" skipped="0" failures="0">
  <properties>
[...]
</properties>
  <testcase name="retourner_bookBecomesAvailable" classname="com.tp.bibliotheque.MemberTest" time="0.001"/>
  <testcase name="emprunter_bookBecomesUnavailable" classname="com.tp.bibliotheque.MemberTest" time="0.001"/>
  <testcase name="emprunter_quotaAtteint_shouldThrow" classname="com.tp.bibliotheque.MemberTest" time="0.002"/>
  <testcase name="peutEncoreEmprunter_false_whenFull" classname="com.tp.bibliotheque.MemberTest" time="0.001"/>
</testsuite>